0 info it worked if it ends with ok
1 verbose cli [ 'C:\\Program Files\\nodejs\\node.exe',
1 verbose cli   'C:\\Program Files\\nodejs\\node_modules\\npm\\bin\\npm-cli.js',
1 verbose cli   'install' ]
2 info using npm@3.10.10
3 info using node@v6.10.0
4 silly loadCurrentTree Starting
5 silly install loadCurrentTree
6 silly install readLocalPackageData
7 silly install normalizeTree
8 silly loadCurrentTree Finishing
9 silly loadIdealTree Starting
10 silly install loadIdealTree
11 silly cloneCurrentTree Starting
12 silly install cloneCurrentTreeToIdealTree
13 silly cloneCurrentTree Finishing
14 silly loadShrinkwrap Starting
15 silly install loadShrinkwrap
16 silly loadShrinkwrap Finishing
17 silly loadAllDepsIntoIdealTree Starting
18 silly install loadAllDepsIntoIdealTree
19 silly loadAllDepsIntoIdealTree Finishing
20 silly loadIdealTree Finishing
21 silly currentTree j5-test@0.0.0
21 silly currentTree +-- @slack/client@3.9.0
21 silly currentTree | +-- async@1.5.2
21 silly currentTree | `-- lodash@4.17.4
21 silly currentTree +-- accepts@1.2.13
21 silly currentTree | +-- mime-db@1.26.0
21 silly currentTree | `-- mime-types@2.1.14
21 silly currentTree +-- agent-base@2.0.1
21 silly currentTree +-- ajv@4.11.5
21 silly currentTree +-- ansi-regex@2.1.1
21 silly currentTree +-- ansi-styles@2.2.1
21 silly currentTree +-- asn1@0.2.3
21 silly currentTree +-- assert-plus@0.2.0
21 silly currentTree +-- async@0.9.2
21 silly currentTree +-- asynckit@0.4.0
21 silly currentTree +-- aws-sign2@0.6.0
21 silly currentTree +-- aws4@1.6.0
21 silly currentTree +-- base64-url@1.2.1
21 silly currentTree +-- basic-auth-connect@1.0.0
21 silly currentTree +-- basic-auth@1.0.4
21 silly currentTree +-- batch@0.5.3
21 silly currentTree +-- bcrypt-pbkdf@1.0.1
21 silly currentTree +-- bluebird@3.5.0
21 silly currentTree +-- body-parser@1.13.3
21 silly currentTree | +-- ee-first@1.1.1
21 silly currentTree | +-- mime-db@1.26.0
21 silly currentTree | +-- mime-types@2.1.14
21 silly currentTree | +-- on-finished@2.3.0
21 silly currentTree | +-- qs@4.0.0
21 silly currentTree | `-- type-is@1.6.14
21 silly currentTree +-- boom@2.10.1
21 silly currentTree +-- bytes@2.1.0
21 silly currentTree +-- caseless@0.12.0
21 silly currentTree +-- chalk@1.1.3
21 silly currentTree +-- cline@0.8.2
21 silly currentTree +-- co@4.6.0
21 silly currentTree +-- coffee-script@1.6.3
21 silly currentTree +-- colors@1.0.3
21 silly currentTree +-- combined-stream@1.0.5
21 silly currentTree +-- commander@2.6.0
21 silly currentTree +-- compressible@2.0.9
21 silly currentTree | `-- mime-db@1.27.0
21 silly currentTree +-- compression@1.5.2
21 silly currentTree +-- connect-multiparty@1.2.5
21 silly currentTree +-- connect-timeout@1.6.2
21 silly currentTree +-- connect@2.30.2
21 silly currentTree | +-- mime-db@1.26.0
21 silly currentTree | +-- mime-types@2.1.14
21 silly currentTree | +-- qs@4.0.0
21 silly currentTree | `-- type-is@1.6.14
21 silly currentTree +-- content-disposition@0.5.0
21 silly currentTree +-- content-type@1.0.2
21 silly currentTree +-- cookie-parser@1.3.5
21 silly currentTree +-- cookie-signature@1.0.6
21 silly currentTree +-- cookie@0.1.3
21 silly currentTree +-- core-util-is@1.0.2
21 silly currentTree +-- crc@3.3.0
21 silly currentTree +-- cryptiles@2.0.5
21 silly currentTree +-- csrf@3.0.6
21 silly currentTree +-- csurf@1.8.3
21 silly currentTree +-- cycle@1.0.3
21 silly currentTree +-- dashdash@1.14.1
21 silly currentTree | `-- assert-plus@1.0.0
21 silly currentTree +-- debug@2.2.0
21 silly currentTree +-- delayed-stream@1.0.0
21 silly currentTree +-- depd@1.0.1
21 silly currentTree +-- destroy@1.0.4
21 silly currentTree +-- ecc-jsbn@0.1.1
21 silly currentTree +-- ee-first@1.1.0
21 silly currentTree +-- errorhandler@1.4.3
21 silly currentTree | +-- accepts@1.3.3
21 silly currentTree | +-- escape-html@1.0.3
21 silly currentTree | +-- mime-db@1.26.0
21 silly currentTree | +-- mime-types@2.1.14
21 silly currentTree | `-- negotiator@0.6.1
21 silly currentTree +-- escape-html@1.0.2
21 silly currentTree +-- escape-string-regexp@1.0.5
21 silly currentTree +-- etag@1.7.0
21 silly currentTree +-- eventemitter3@1.2.0
21 silly currentTree +-- express-session@1.11.3
21 silly currentTree | `-- uid-safe@2.0.0
21 silly currentTree +-- express@3.21.2
21 silly currentTree +-- extend@3.0.0
21 silly currentTree +-- extsprintf@1.0.2
21 silly currentTree +-- eyes@0.1.8
21 silly currentTree +-- finalhandler@0.4.0
21 silly currentTree | +-- ee-first@1.1.1
21 silly currentTree | `-- on-finished@2.3.0
21 silly currentTree +-- forever-agent@0.6.1
21 silly currentTree +-- form-data@2.1.2
21 silly currentTree | +-- mime-db@1.26.0
21 silly currentTree | `-- mime-types@2.1.14
21 silly currentTree +-- forwarded@0.1.0
21 silly currentTree +-- fresh@0.3.0
21 silly currentTree +-- getpass@0.1.6
21 silly currentTree | `-- assert-plus@1.0.0
21 silly currentTree +-- har-schema@1.0.5
21 silly currentTree +-- har-validator@4.2.1
21 silly currentTree +-- has-ansi@2.0.0
21 silly currentTree +-- hawk@3.1.3
21 silly currentTree +-- hoek@2.16.3
21 silly currentTree +-- http-errors@1.3.1
21 silly currentTree +-- http-signature@1.1.1
21 silly currentTree +-- https-proxy-agent@1.0.0
21 silly currentTree +-- hubot-diagnostics@0.0.1
21 silly currentTree +-- hubot-google-images@0.2.6
21 silly currentTree +-- hubot-google-translate@0.2.0
21 silly currentTree +-- hubot-help@0.2.0
21 silly currentTree +-- hubot-heroku-keepalive@1.0.2
21 silly currentTree +-- hubot-maps@0.0.2
21 silly currentTree +-- hubot-pugme@0.1.0
21 silly currentTree +-- hubot-redis-brain@0.0.3
21 silly currentTree +-- hubot-rules@0.1.1
21 silly currentTree +-- hubot-scripts@2.17.2
21 silly currentTree +-- hubot-shipit@0.2.0
21 silly currentTree +-- hubot-slack@4.3.3
21 silly currentTree +-- hubot@2.19.0
21 silly currentTree +-- iconv-lite@0.4.11
21 silly currentTree +-- inherits@2.0.3
21 silly currentTree +-- ipaddr.js@1.0.5
21 silly currentTree +-- is-typedarray@1.0.0
21 silly currentTree +-- isarray@0.0.1
21 silly currentTree +-- isstream@0.1.2
21 silly currentTree +-- jodid25519@1.0.2
21 silly currentTree +-- jsbn@0.1.1
21 silly currentTree +-- json-schema@0.2.3
21 silly currentTree +-- json-stable-stringify@1.0.1
21 silly currentTree +-- json-stringify-safe@5.0.1
21 silly currentTree +-- jsonify@0.0.0
21 silly currentTree +-- jsprim@1.4.0
21 silly currentTree | `-- assert-plus@1.0.0
21 silly currentTree +-- lodash@3.10.1
21 silly currentTree +-- log@1.4.0
21 silly currentTree +-- media-typer@0.3.0
21 silly currentTree +-- merge-descriptors@1.0.0
21 silly currentTree +-- method-override@2.3.7
21 silly currentTree | +-- debug@2.3.3
21 silly currentTree | +-- ms@0.7.2
21 silly currentTree | `-- vary@1.1.1
21 silly currentTree +-- methods@1.1.2
21 silly currentTree +-- mime-db@1.12.0
21 silly currentTree +-- mime-types@2.0.14
21 silly currentTree +-- mime@1.3.4
21 silly currentTree +-- minimist@0.0.8
21 silly currentTree +-- mkdirp@0.5.1
21 silly currentTree +-- morgan@1.6.1
21 silly currentTree | +-- ee-first@1.1.1
21 silly currentTree | `-- on-finished@2.3.0
21 silly currentTree +-- ms@0.7.1
21 silly currentTree +-- multiparty@3.3.2
21 silly currentTree +-- negotiator@0.5.3
21 silly currentTree +-- oauth-sign@0.8.2
21 silly currentTree +-- on-finished@2.1.1
21 silly currentTree +-- on-headers@1.0.1
21 silly currentTree +-- options@0.0.6
21 silly currentTree +-- optparse@1.0.4
21 silly currentTree +-- parseurl@1.3.1
21 silly currentTree +-- pause@0.1.0
21 silly currentTree +-- performance-now@0.2.0
21 silly currentTree +-- pkginfo@0.4.0
21 silly currentTree +-- proxy-addr@1.0.10
21 silly currentTree +-- punycode@1.4.1
21 silly currentTree +-- qs@2.2.5
21 silly currentTree +-- random-bytes@1.0.0
21 silly currentTree +-- range-parser@1.0.3
21 silly currentTree +-- raw-body@2.1.7
21 silly currentTree | +-- bytes@2.4.0
21 silly currentTree | `-- iconv-lite@0.4.13
21 silly currentTree +-- readable-stream@1.1.14
21 silly currentTree +-- redis@0.8.4
21 silly currentTree +-- request@2.81.0
21 silly currentTree | +-- mime-db@1.26.0
21 silly currentTree | +-- mime-types@2.1.14
21 silly currentTree | `-- qs@6.4.0
21 silly currentTree +-- response-time@2.3.2
21 silly currentTree | `-- depd@1.1.0
21 silly currentTree +-- retry@0.9.0
21 silly currentTree +-- rndm@1.2.0
21 silly currentTree +-- safe-buffer@5.0.1
21 silly currentTree +-- scoped-http-client@0.11.0
21 silly currentTree +-- semver@5.0.3
21 silly currentTree +-- send@0.13.0
21 silly currentTree | +-- destroy@1.0.3
21 silly currentTree | +-- ee-first@1.1.1
21 silly currentTree | +-- on-finished@2.3.0
21 silly currentTree | `-- statuses@1.2.1
21 silly currentTree +-- serve-favicon@2.3.2
21 silly currentTree | `-- ms@0.7.2
21 silly currentTree +-- serve-index@1.7.3
21 silly currentTree | +-- escape-html@1.0.3
21 silly currentTree | +-- mime-db@1.26.0
21 silly currentTree | `-- mime-types@2.1.14
21 silly currentTree +-- serve-static@1.10.3
21 silly currentTree | +-- depd@1.1.0
21 silly currentTree | +-- ee-first@1.1.1
21 silly currentTree | +-- escape-html@1.0.3
21 silly currentTree | +-- on-finished@2.3.0
21 silly currentTree | +-- send@0.13.2
21 silly currentTree | `-- statuses@1.2.1
21 silly currentTree +-- sntp@1.0.9
21 silly currentTree +-- sshpk@1.11.0
21 silly currentTree | `-- assert-plus@1.0.0
21 silly currentTree +-- stack-trace@0.0.9
21 silly currentTree +-- statuses@1.3.1
21 silly currentTree +-- stream-counter@0.2.0
21 silly currentTree +-- string_decoder@0.10.31
21 silly currentTree +-- string-table@0.1.5
21 silly currentTree +-- stringstream@0.0.5
21 silly currentTree +-- strip-ansi@3.0.1
21 silly currentTree +-- supports-color@2.0.0
21 silly currentTree +-- tough-cookie@2.3.2
21 silly currentTree +-- tsscmp@1.0.5
21 silly currentTree +-- tunnel-agent@0.6.0
21 silly currentTree +-- tweetnacl@0.14.5
21 silly currentTree +-- type-is@1.5.7
21 silly currentTree +-- uid-safe@2.1.4
21 silly currentTree +-- ultron@1.0.2
21 silly currentTree +-- unpipe@1.0.0
21 silly currentTree +-- url-join@0.0.1
21 silly currentTree +-- utils-merge@1.0.0
21 silly currentTree +-- uuid@3.0.1
21 silly currentTree +-- vary@1.0.1
21 silly currentTree +-- verror@1.3.6
21 silly currentTree +-- vhost@3.0.2
21 silly currentTree +-- winston@2.3.1
21 silly currentTree | `-- async@1.0.0
21 silly currentTree `-- ws@1.1.4
22 silly idealTree j5-test@0.0.0
22 silly idealTree +-- @slack/client@3.9.0
22 silly idealTree | +-- async@1.5.2
22 silly idealTree | `-- lodash@4.17.4
22 silly idealTree +-- accepts@1.2.13
22 silly idealTree | +-- mime-db@1.26.0
22 silly idealTree | `-- mime-types@2.1.14
22 silly idealTree +-- agent-base@2.0.1
22 silly idealTree +-- ajv@4.11.5
22 silly idealTree +-- ansi-regex@2.1.1
22 silly idealTree +-- ansi-styles@2.2.1
22 silly idealTree +-- asn1@0.2.3
22 silly idealTree +-- assert-plus@0.2.0
22 silly idealTree +-- async@0.9.2
22 silly idealTree +-- asynckit@0.4.0
22 silly idealTree +-- aws-sign2@0.6.0
22 silly idealTree +-- aws4@1.6.0
22 silly idealTree +-- base64-url@1.2.1
22 silly idealTree +-- basic-auth-connect@1.0.0
22 silly idealTree +-- basic-auth@1.0.4
22 silly idealTree +-- batch@0.5.3
22 silly idealTree +-- bcrypt-pbkdf@1.0.1
22 silly idealTree +-- bluebird@3.5.0
22 silly idealTree +-- body-parser@1.13.3
22 silly idealTree | +-- ee-first@1.1.1
22 silly idealTree | +-- mime-db@1.26.0
22 silly idealTree | +-- mime-types@2.1.14
22 silly idealTree | +-- on-finished@2.3.0
22 silly idealTree | +-- qs@4.0.0
22 silly idealTree | `-- type-is@1.6.14
22 silly idealTree +-- boom@2.10.1
22 silly idealTree +-- bytes@2.1.0
22 silly idealTree +-- caseless@0.12.0
22 silly idealTree +-- chalk@1.1.3
22 silly idealTree +-- cline@0.8.2
22 silly idealTree +-- co@4.6.0
22 silly idealTree +-- coffee-script@1.6.3
22 silly idealTree +-- colors@1.0.3
22 silly idealTree +-- combined-stream@1.0.5
22 silly idealTree +-- commander@2.6.0
22 silly idealTree +-- compressible@2.0.9
22 silly idealTree | `-- mime-db@1.27.0
22 silly idealTree +-- compression@1.5.2
22 silly idealTree +-- connect-multiparty@1.2.5
22 silly idealTree +-- connect-timeout@1.6.2
22 silly idealTree +-- connect@2.30.2
22 silly idealTree | +-- mime-db@1.26.0
22 silly idealTree | +-- mime-types@2.1.14
22 silly idealTree | +-- qs@4.0.0
22 silly idealTree | `-- type-is@1.6.14
22 silly idealTree +-- content-disposition@0.5.0
22 silly idealTree +-- content-type@1.0.2
22 silly idealTree +-- cookie-parser@1.3.5
22 silly idealTree +-- cookie-signature@1.0.6
22 silly idealTree +-- cookie@0.1.3
22 silly idealTree +-- core-util-is@1.0.2
22 silly idealTree +-- crc@3.3.0
22 silly idealTree +-- cryptiles@2.0.5
22 silly idealTree +-- csrf@3.0.6
22 silly idealTree +-- csurf@1.8.3
22 silly idealTree +-- cycle@1.0.3
22 silly idealTree +-- dashdash@1.14.1
22 silly idealTree | `-- assert-plus@1.0.0
22 silly idealTree +-- debug@2.2.0
22 silly idealTree +-- delayed-stream@1.0.0
22 silly idealTree +-- depd@1.0.1
22 silly idealTree +-- destroy@1.0.4
22 silly idealTree +-- ecc-jsbn@0.1.1
22 silly idealTree +-- ee-first@1.1.0
22 silly idealTree +-- errorhandler@1.4.3
22 silly idealTree | +-- accepts@1.3.3
22 silly idealTree | +-- escape-html@1.0.3
22 silly idealTree | +-- mime-db@1.26.0
22 silly idealTree | +-- mime-types@2.1.14
22 silly idealTree | `-- negotiator@0.6.1
22 silly idealTree +-- escape-html@1.0.2
22 silly idealTree +-- escape-string-regexp@1.0.5
22 silly idealTree +-- etag@1.7.0
22 silly idealTree +-- eventemitter3@1.2.0
22 silly idealTree +-- express-session@1.11.3
22 silly idealTree | `-- uid-safe@2.0.0
22 silly idealTree +-- express@3.21.2
22 silly idealTree +-- extend@3.0.0
22 silly idealTree +-- extsprintf@1.0.2
22 silly idealTree +-- eyes@0.1.8
22 silly idealTree +-- finalhandler@0.4.0
22 silly idealTree | +-- ee-first@1.1.1
22 silly idealTree | `-- on-finished@2.3.0
22 silly idealTree +-- forever-agent@0.6.1
22 silly idealTree +-- form-data@2.1.2
22 silly idealTree | +-- mime-db@1.26.0
22 silly idealTree | `-- mime-types@2.1.14
22 silly idealTree +-- forwarded@0.1.0
22 silly idealTree +-- fresh@0.3.0
22 silly idealTree +-- getpass@0.1.6
22 silly idealTree | `-- assert-plus@1.0.0
22 silly idealTree +-- har-schema@1.0.5
22 silly idealTree +-- har-validator@4.2.1
22 silly idealTree +-- has-ansi@2.0.0
22 silly idealTree +-- hawk@3.1.3
22 silly idealTree +-- hoek@2.16.3
22 silly idealTree +-- http-errors@1.3.1
22 silly idealTree +-- http-signature@1.1.1
22 silly idealTree +-- https-proxy-agent@1.0.0
22 silly idealTree +-- hubot-diagnostics@0.0.1
22 silly idealTree +-- hubot-google-images@0.2.6
22 silly idealTree +-- hubot-google-translate@0.2.0
22 silly idealTree +-- hubot-help@0.2.0
22 silly idealTree +-- hubot-heroku-keepalive@1.0.2
22 silly idealTree +-- hubot-maps@0.0.2
22 silly idealTree +-- hubot-pugme@0.1.0
22 silly idealTree +-- hubot-redis-brain@0.0.3
22 silly idealTree +-- hubot-rules@0.1.1
22 silly idealTree +-- hubot-scripts@2.17.2
22 silly idealTree +-- hubot-shipit@0.2.0
22 silly idealTree +-- hubot-slack@4.3.3
22 silly idealTree +-- hubot@2.19.0
22 silly idealTree +-- iconv-lite@0.4.11
22 silly idealTree +-- inherits@2.0.3
22 silly idealTree +-- ipaddr.js@1.0.5
22 silly idealTree +-- is-typedarray@1.0.0
22 silly idealTree +-- isarray@0.0.1
22 silly idealTree +-- isstream@0.1.2
22 silly idealTree +-- jodid25519@1.0.2
22 silly idealTree +-- jsbn@0.1.1
22 silly idealTree +-- json-schema@0.2.3
22 silly idealTree +-- json-stable-stringify@1.0.1
22 silly idealTree +-- json-stringify-safe@5.0.1
22 silly idealTree +-- jsonify@0.0.0
22 silly idealTree +-- jsprim@1.4.0
22 silly idealTree | `-- assert-plus@1.0.0
22 silly idealTree +-- lodash@3.10.1
22 silly idealTree +-- log@1.4.0
22 silly idealTree +-- media-typer@0.3.0
22 silly idealTree +-- merge-descriptors@1.0.0
22 silly idealTree +-- method-override@2.3.7
22 silly idealTree | +-- debug@2.3.3
22 silly idealTree | +-- ms@0.7.2
22 silly idealTree | `-- vary@1.1.1
22 silly idealTree +-- methods@1.1.2
22 silly idealTree +-- mime-db@1.12.0
22 silly idealTree +-- mime-types@2.0.14
22 silly idealTree +-- mime@1.3.4
22 silly idealTree +-- minimist@0.0.8
22 silly idealTree +-- mkdirp@0.5.1
22 silly idealTree +-- morgan@1.6.1
22 silly idealTree | +-- ee-first@1.1.1
22 silly idealTree | `-- on-finished@2.3.0
22 silly idealTree +-- ms@0.7.1
22 silly idealTree +-- multiparty@3.3.2
22 silly idealTree +-- negotiator@0.5.3
22 silly idealTree +-- oauth-sign@0.8.2
22 silly idealTree +-- on-finished@2.1.1
22 silly idealTree +-- on-headers@1.0.1
22 silly idealTree +-- options@0.0.6
22 silly idealTree +-- optparse@1.0.4
22 silly idealTree +-- parseurl@1.3.1
22 silly idealTree +-- pause@0.1.0
22 silly idealTree +-- performance-now@0.2.0
22 silly idealTree +-- pkginfo@0.4.0
22 silly idealTree +-- proxy-addr@1.0.10
22 silly idealTree +-- punycode@1.4.1
22 silly idealTree +-- qs@2.2.5
22 silly idealTree +-- random-bytes@1.0.0
22 silly idealTree +-- range-parser@1.0.3
22 silly idealTree +-- raw-body@2.1.7
22 silly idealTree | +-- bytes@2.4.0
22 silly idealTree | `-- iconv-lite@0.4.13
22 silly idealTree +-- readable-stream@1.1.14
22 silly idealTree +-- redis@0.8.4
22 silly idealTree +-- request@2.81.0
22 silly idealTree | +-- mime-db@1.26.0
22 silly idealTree | +-- mime-types@2.1.14
22 silly idealTree | `-- qs@6.4.0
22 silly idealTree +-- response-time@2.3.2
22 silly idealTree | `-- depd@1.1.0
22 silly idealTree +-- retry@0.9.0
22 silly idealTree +-- rndm@1.2.0
22 silly idealTree +-- safe-buffer@5.0.1
22 silly idealTree +-- scoped-http-client@0.11.0
22 silly idealTree +-- semver@5.0.3
22 silly idealTree +-- send@0.13.0
22 silly idealTree | +-- destroy@1.0.3
22 silly idealTree | +-- ee-first@1.1.1
22 silly idealTree | +-- on-finished@2.3.0
22 silly idealTree | `-- statuses@1.2.1
22 silly idealTree +-- serve-favicon@2.3.2
22 silly idealTree | `-- ms@0.7.2
22 silly idealTree +-- serve-index@1.7.3
22 silly idealTree | +-- escape-html@1.0.3
22 silly idealTree | +-- mime-db@1.26.0
22 silly idealTree | `-- mime-types@2.1.14
22 silly idealTree +-- serve-static@1.10.3
22 silly idealTree | +-- depd@1.1.0
22 silly idealTree | +-- ee-first@1.1.1
22 silly idealTree | +-- escape-html@1.0.3
22 silly idealTree | +-- on-finished@2.3.0
22 silly idealTree | +-- send@0.13.2
22 silly idealTree | `-- statuses@1.2.1
22 silly idealTree +-- sntp@1.0.9
22 silly idealTree +-- sshpk@1.11.0
22 silly idealTree | `-- assert-plus@1.0.0
22 silly idealTree +-- stack-trace@0.0.9
22 silly idealTree +-- statuses@1.3.1
22 silly idealTree +-- stream-counter@0.2.0
22 silly idealTree +-- string_decoder@0.10.31
22 silly idealTree +-- string-table@0.1.5
22 silly idealTree +-- stringstream@0.0.5
22 silly idealTree +-- strip-ansi@3.0.1
22 silly idealTree +-- supports-color@2.0.0
22 silly idealTree +-- tough-cookie@2.3.2
22 silly idealTree +-- tsscmp@1.0.5
22 silly idealTree +-- tunnel-agent@0.6.0
22 silly idealTree +-- tweetnacl@0.14.5
22 silly idealTree +-- type-is@1.5.7
22 silly idealTree +-- uid-safe@2.1.4
22 silly idealTree +-- ultron@1.0.2
22 silly idealTree +-- unpipe@1.0.0
22 silly idealTree +-- url-join@0.0.1
22 silly idealTree +-- utils-merge@1.0.0
22 silly idealTree +-- uuid@3.0.1
22 silly idealTree +-- vary@1.0.1
22 silly idealTree +-- verror@1.3.6
22 silly idealTree +-- vhost@3.0.2
22 silly idealTree +-- winston@2.3.1
22 silly idealTree | `-- async@1.0.0
22 silly idealTree `-- ws@1.1.4
23 silly generateActionsToTake Starting
24 silly install generateActionsToTake
25 silly generateActionsToTake Finishing
26 silly diffTrees action count 0
27 silly decomposeActions action count 0
28 silly runTopLevelLifecycles Starting
29 silly install runPreinstallTopLevelLifecycles
30 silly preinstall j5-test@0.0.0 C:\Users\kumarv83\Desktop\graph-test-bot\paclabs-hubot-code\j5-test-3f092a34
31 info lifecycle j5-test@0.0.0~preinstall: j5-test@0.0.0
32 verbose stack Error: kill ENOSYS
32 verbose stack     at exports._errnoException (util.js:1022:11)
32 verbose stack     at process.kill (internal/process.js:172:13)
32 verbose stack     at process.listener (C:\Program Files\nodejs\node_modules\npm\node_modules\npmlog\node_modules\gauge\node_modules\signal-exit\index.js:86:15)
32 verbose stack     at emitNone (events.js:91:20)
32 verbose stack     at process.emit (events.js:185:7)
32 verbose stack     at processEmit (C:\Program Files\nodejs\node_modules\npm\node_modules\npmlog\node_modules\gauge\node_modules\signal-exit\index.js:146:32)
32 verbose stack     at processEmit (C:\Program Files\nodejs\node_modules\npm\node_modules\npm-registry-client\node_modules\npmlog\node_modules\gauge\node_modules\signal-exit\index.js:146:32)
32 verbose stack     at Signal.wrap.onsignal (internal/process.js:199:44)
33 verbose cwd C:\Users\kumarv83\Desktop\graph-test-bot\paclabs-hubot-code\bin
34 error Windows_NT 10.0.10586
35 error argv "C:\\Program Files\\nodejs\\node.exe" "C:\\Program Files\\nodejs\\node_modules\\npm\\bin\\npm-cli.js" "install"
36 error node v6.10.0
37 error npm  v3.10.10
38 error code ENOSYS
39 error errno ENOSYS
40 error syscall kill
41 error kill ENOSYS
42 error If you need help, you may report this error at:
42 error     <https://github.com/npm/npm/issues>
43 verbose exit [ 1, true ]
